root         2016-11-12 10:42:55,470 level-ERROR    <module> D:\ruyiweb\flasky\app
root         2016-11-12 14:27:20,618 level-ERROR    <module> D:\ruyiweb\flasky\app
root         2016-11-12 14:53:51,743 level-ERROR    <module> D:\ruyiweb\flasky\app
root         2016-11-12 15:10:31,091 level-ERROR    <module> D:\ruyiweb\flasky\app
root         2016-11-12 15:11:15,956 level-DEBUG    query_state 2016-08-05 17:06:02
root         2016-11-12 15:13:14,128 level-ERROR    <module> D:\ruyiweb\flasky\app
root         2016-11-12 15:15:05,506 level-ERROR    <module> D:\ruyiweb\flasky\app
root         2016-11-12 15:15:17,063 level-DEBUG    query_state 2016-03-14 11:10:52
root         2016-11-12 15:20:54,361 level-ERROR    <module> D:\ruyiweb\flasky\app
root         2016-11-12 15:22:01,362 level-ERROR    historywarn 2016-01-12
root         2016-11-12 15:22:17,930 level-DEBUG    query_state 2016-07-13 15:06:24
root         2016-11-12 15:22:35,309 level-DEBUG    warncount here
root         2016-11-12 15:22:42,173 level-DEBUG    warncount here
root         2016-11-12 15:22:42,187 level-DEBUG    warncount [u'1', u'2', u'3', u'4', u'5', u'6', u'8', u'9', u'10', u'11', u'13', u'38', u'39', u'40', u'41', u'42', u'43', u'44', u'45', u'46', u'47', u'48', u'49', u'50', u'51', u'52', u'53', u'54', u'55', u'56', u'57', u'58', u'59', u'60', u'61', u'62', u'63', u'64']
root         2016-11-12 15:22:42,187 level-DEBUG    warncount 1
root         2016-11-12 15:22:42,187 level-DEBUG    warncount 201602240001
root         2016-11-12 15:34:38,348 level-DEBUG    warncount here
root         2016-11-12 15:34:52,270 level-DEBUG    warncount here
root         2016-11-12 15:35:02,096 level-DEBUG    warncount here
root         2016-11-12 15:35:16,572 level-DEBUG    warncount here
root         2016-11-12 15:35:35,875 level-DEBUG    warncount here
root         2016-11-12 15:36:20,430 level-DEBUG    warncount here
root         2016-11-12 15:36:24,289 level-DEBUG    warncount here
root         2016-11-12 15:36:24,309 level-DEBUG    warncount [u'1', u'2', u'3', u'4', u'5', u'6', u'8', u'9', u'10', u'11', u'13', u'38', u'39', u'40', u'41', u'42', u'43', u'44', u'45', u'46', u'47', u'48', u'49', u'50', u'51', u'52', u'53', u'54', u'55', u'56', u'57', u'58', u'59', u'60', u'61', u'62', u'63', u'64']
root         2016-11-12 15:36:24,309 level-DEBUG    warncount 1
root         2016-11-12 15:36:24,311 level-DEBUG    warncount 200000000000
root         2016-11-12 15:36:30,256 level-DEBUG    warncount here
root         2016-11-12 15:36:30,278 level-DEBUG    warncount [u'1', u'2', u'3', u'4', u'5', u'6', u'8', u'9', u'10', u'11', u'13', u'38', u'39', u'40', u'41', u'42', u'43', u'44', u'45', u'46', u'47', u'48', u'49', u'50', u'51', u'52', u'53', u'54', u'55', u'56', u'57', u'58', u'59', u'60', u'61', u'62', u'63', u'64']
root         2016-11-12 15:36:30,279 level-DEBUG    warncount 1
root         2016-11-12 15:36:30,279 level-DEBUG    warncount 201602240001
root         2016-11-12 15:36:56,645 level-DEBUG    allwarncount [u'1', u'2', u'3', u'4', u'5', u'6', u'8', u'9', u'10', u'11', u'13', u'38', u'39', u'40', u'41', u'42', u'43', u'44', u'45', u'46', u'47', u'48', u'49', u'50', u'51', u'52', u'53', u'54', u'55', u'56', u'57', u'58', u'59', u'60', u'61', u'62', u'63', u'64']
root         2016-11-12 15:36:56,647 level-DEBUG    allwarncount 1
root         2016-11-12 15:38:32,132 level-DEBUG    query_state 2016-07-06 16:27:50
root         2016-11-12 15:38:51,275 level-DEBUG    warncount here
root         2016-11-12 15:54:57,960 level-DEBUG    warncount here
root         2016-11-12 15:54:59,921 level-DEBUG    warncount here
root         2016-11-12 15:55:11,032 level-DEBUG    query_state 2016-11-11 15:06:39
root         2016-11-12 15:56:16,658 level-DEBUG    warncount here
root         2016-11-12 15:56:33,849 level-DEBUG    warncount here
root         2016-11-12 16:13:10,404 level-ERROR    historywarn 2016-11-12
root         2016-11-12 16:13:14,127 level-ERROR    historywarn 2016-11-12
root         2016-11-12 16:13:22,243 level-ERROR    historywarn 2016-11-11
root         2016-11-12 16:13:29,825 level-ERROR    historywarn 2016-11-12
root         2016-11-12 16:13:32,196 level-ERROR    historywarn 2016-11-12
root         2016-11-12 16:13:38,657 level-ERROR    historywarn 2016-11-12
root         2016-11-12 16:13:51,714 level-ERROR    historywarn 2016-11-12
root         2016-11-12 16:13:57,453 level-ERROR    historywarn 2016-11-11
root         2016-11-12 16:14:01,901 level-ERROR    historywarn 2016-11-11
root         2016-11-12 16:15:03,938 level-ERROR    historywarn 2016-11-11
root         2016-11-12 16:15:16,030 level-ERROR    historywarn 2016-11-12
root         2016-11-12 16:16:32,105 level-ERROR    <module> D:\ruyiweb\flasky\app
root         2016-11-12 16:17:07,961 level-ERROR    historywarn 2016-11-12
root         2016-11-12 16:17:11,658 level-ERROR    historywarn 2016-11-12
root         2016-11-12 16:17:18,716 level-ERROR    historywarn 2016-11-12
root         2016-11-12 16:20:26,595 level-DEBUG    warncount here
